2021-05-09 08:57:36,637 ERROR 21932 [-/127.0.0.1/-/0ms GET /] nodejs.ECONNREFUSEDError: connect ECONNREFUSED 127.0.0.1:3306
    at TCPConnectWrap.afterConnect [as oncomplete] (net.js:1145:16)
    --------------------
    at Protocol._enqueue (/Users/mac/WebProjects/GY_website/server/node_modules/mysql/lib/protocol/Protocol.js:144:48)
    at Protocol.handshake (/Users/mac/WebProjects/GY_website/server/node_modules/mysql/lib/protocol/Protocol.js:51:23)
    at PoolConnection.connect (/Users/mac/WebProjects/GY_website/server/node_modules/mysql/lib/Connection.js:116:18)
    at Pool.getConnection (/Users/mac/WebProjects/GY_website/server/node_modules/mysql/lib/Pool.js:48:16)
    at /Users/mac/WebProjects/GY_website/server/node_modules/ali-rds/node_modules/pify/index.js:29:7
    at new Promise (<anonymous>)
    at Pool.<anonymous> (/Users/mac/WebProjects/GY_website/server/node_modules/ali-rds/node_modules/pify/index.js:12:10)
    at Pool.ret [as getConnection] (/Users/mac/WebProjects/GY_website/server/node_modules/ali-rds/node_modules/pify/index.js:56:34)
    at Pool.query (/Users/mac/WebProjects/GY_website/server/node_modules/mysql/lib/Pool.js:202:8)
    at /Users/mac/WebProjects/GY_website/server/node_modules/ali-rds/node_modules/pify/index.js:29:7
    sql: select now() as currentTime;
errno: -61
code: "ECONNREFUSED"
syscall: "connect"
address: "127.0.0.1"
port: 3306
fatal: true
name: "ECONNREFUSEDError"
pid: 21932
hostname: MacBook-Pro.local

2021-05-09 08:58:12,574 ERROR 21970 [-/127.0.0.1/-/0ms GET /] nodejs.ECONNREFUSEDError: connect ECONNREFUSED 127.0.0.1:3306
    at TCPConnectWrap.afterConnect [as oncomplete] (net.js:1145:16)
    --------------------
    at Protocol._enqueue (/Users/mac/WebProjects/GY_website/server/node_modules/mysql/lib/protocol/Protocol.js:144:48)
    at Protocol.handshake (/Users/mac/WebProjects/GY_website/server/node_modules/mysql/lib/protocol/Protocol.js:51:23)
    at PoolConnection.connect (/Users/mac/WebProjects/GY_website/server/node_modules/mysql/lib/Connection.js:116:18)
    at Pool.getConnection (/Users/mac/WebProjects/GY_website/server/node_modules/mysql/lib/Pool.js:48:16)
    at /Users/mac/WebProjects/GY_website/server/node_modules/ali-rds/node_modules/pify/index.js:29:7
    at new Promise (<anonymous>)
    at Pool.<anonymous> (/Users/mac/WebProjects/GY_website/server/node_modules/ali-rds/node_modules/pify/index.js:12:10)
    at Pool.ret [as getConnection] (/Users/mac/WebProjects/GY_website/server/node_modules/ali-rds/node_modules/pify/index.js:56:34)
    at Pool.query (/Users/mac/WebProjects/GY_website/server/node_modules/mysql/lib/Pool.js:202:8)
    at /Users/mac/WebProjects/GY_website/server/node_modules/ali-rds/node_modules/pify/index.js:29:7
    sql: select now() as currentTime;
errno: -61
code: "ECONNREFUSED"
syscall: "connect"
address: "127.0.0.1"
port: 3306
fatal: true
name: "ECONNREFUSEDError"
pid: 21970
hostname: MacBook-Pro.local

2021-05-09 08:59:10,773 ERROR 22000 [-/127.0.0.1/-/0ms GET /] nodejs.ECONNREFUSEDError: connect ECONNREFUSED 127.0.0.1:3306
    at TCPConnectWrap.afterConnect [as oncomplete] (net.js:1145:16)
    --------------------
    at Protocol._enqueue (/Users/mac/WebProjects/GY_website/server/node_modules/mysql/lib/protocol/Protocol.js:144:48)
    at Protocol.handshake (/Users/mac/WebProjects/GY_website/server/node_modules/mysql/lib/protocol/Protocol.js:51:23)
    at PoolConnection.connect (/Users/mac/WebProjects/GY_website/server/node_modules/mysql/lib/Connection.js:116:18)
    at Pool.getConnection (/Users/mac/WebProjects/GY_website/server/node_modules/mysql/lib/Pool.js:48:16)
    at /Users/mac/WebProjects/GY_website/server/node_modules/ali-rds/node_modules/pify/index.js:29:7
    at new Promise (<anonymous>)
    at Pool.<anonymous> (/Users/mac/WebProjects/GY_website/server/node_modules/ali-rds/node_modules/pify/index.js:12:10)
    at Pool.ret [as getConnection] (/Users/mac/WebProjects/GY_website/server/node_modules/ali-rds/node_modules/pify/index.js:56:34)
    at Pool.query (/Users/mac/WebProjects/GY_website/server/node_modules/mysql/lib/Pool.js:202:8)
    at /Users/mac/WebProjects/GY_website/server/node_modules/ali-rds/node_modules/pify/index.js:29:7
    sql: select now() as currentTime;
errno: -61
code: "ECONNREFUSED"
syscall: "connect"
address: "127.0.0.1"
port: 3306
fatal: true
name: "ECONNREFUSEDError"
pid: 22000
hostname: MacBook-Pro.local

2021-05-09 09:01:34,737 ERROR 597 [-/127.0.0.1/-/0ms GET /] nodejs.ECONNREFUSEDError: connect ECONNREFUSED 127.0.0.1:3306
    at TCPConnectWrap.afterConnect [as oncomplete] (net.js:1145:16)
    --------------------
    at Protocol._enqueue (/Users/mac/WebProjects/GY_website/server/node_modules/mysql/lib/protocol/Protocol.js:144:48)
    at Protocol.handshake (/Users/mac/WebProjects/GY_website/server/node_modules/mysql/lib/protocol/Protocol.js:51:23)
    at PoolConnection.connect (/Users/mac/WebProjects/GY_website/server/node_modules/mysql/lib/Connection.js:116:18)
    at Pool.getConnection (/Users/mac/WebProjects/GY_website/server/node_modules/mysql/lib/Pool.js:48:16)
    at /Users/mac/WebProjects/GY_website/server/node_modules/ali-rds/node_modules/pify/index.js:29:7
    at new Promise (<anonymous>)
    at Pool.<anonymous> (/Users/mac/WebProjects/GY_website/server/node_modules/ali-rds/node_modules/pify/index.js:12:10)
    at Pool.ret [as getConnection] (/Users/mac/WebProjects/GY_website/server/node_modules/ali-rds/node_modules/pify/index.js:56:34)
    at Pool.query (/Users/mac/WebProjects/GY_website/server/node_modules/mysql/lib/Pool.js:202:8)
    at /Users/mac/WebProjects/GY_website/server/node_modules/ali-rds/node_modules/pify/index.js:29:7
    sql: select now() as currentTime;
errno: -61
code: "ECONNREFUSED"
syscall: "connect"
address: "127.0.0.1"
port: 3306
fatal: true
name: "ECONNREFUSEDError"
pid: 597
hostname: MacBook-Pro.local

2021-05-09 09:02:58,050 ERROR 720 [-/127.0.0.1/-/0ms GET /] nodejs.ECONNREFUSEDError: connect ECONNREFUSED 127.0.0.1:3306
    at TCPConnectWrap.afterConnect [as oncomplete] (net.js:1145:16)
    --------------------
    at Protocol._enqueue (/Users/mac/WebProjects/GY_website/server/node_modules/mysql/lib/protocol/Protocol.js:144:48)
    at Protocol.handshake (/Users/mac/WebProjects/GY_website/server/node_modules/mysql/lib/protocol/Protocol.js:51:23)
    at PoolConnection.connect (/Users/mac/WebProjects/GY_website/server/node_modules/mysql/lib/Connection.js:116:18)
    at Pool.getConnection (/Users/mac/WebProjects/GY_website/server/node_modules/mysql/lib/Pool.js:48:16)
    at /Users/mac/WebProjects/GY_website/server/node_modules/ali-rds/node_modules/pify/index.js:29:7
    at new Promise (<anonymous>)
    at Pool.<anonymous> (/Users/mac/WebProjects/GY_website/server/node_modules/ali-rds/node_modules/pify/index.js:12:10)
    at Pool.ret [as getConnection] (/Users/mac/WebProjects/GY_website/server/node_modules/ali-rds/node_modules/pify/index.js:56:34)
    at Pool.query (/Users/mac/WebProjects/GY_website/server/node_modules/mysql/lib/Pool.js:202:8)
    at /Users/mac/WebProjects/GY_website/server/node_modules/ali-rds/node_modules/pify/index.js:29:7
    sql: select now() as currentTime;
errno: -61
code: "ECONNREFUSED"
syscall: "connect"
address: "127.0.0.1"
port: 3306
fatal: true
name: "ECONNREFUSEDError"
pid: 720
hostname: MacBook-Pro.local

2021-05-09 09:28:21,501 WARN 1091 nodejs.UnauthorizedError: invalid signature
    at /Users/mac/WebProjects/GY_website/server/node_modules/koa-jwt2/lib/index.js:117:18
    at /Users/mac/WebProjects/GY_website/server/node_modules/jsonwebtoken/verify.js:133:14
    at getSecret (/Users/mac/WebProjects/GY_website/server/node_modules/jsonwebtoken/verify.js:90:14)
    at Object.module.exports [as verify] (/Users/mac/WebProjects/GY_website/server/node_modules/jsonwebtoken/verify.js:94:10)
    at decoded (/Users/mac/WebProjects/GY_website/server/node_modules/koa-jwt2/lib/index.js:115:11)
    at new Promise (<anonymous>)
    at middleware (/Users/mac/WebProjects/GY_website/server/node_modules/koa-jwt2/lib/index.js:114:27)
    at processTicksAndRejections (internal/process/task_queues.js:93:5)
    at async /Users/mac/WebProjects/GY_website/server/app/middleware/error_handler.js:4:13
    at async /Users/mac/WebProjects/GY_website/server/node_modules/egg-development/app/middleware/egg_loader_trace.js:9:50
name: "UnauthorizedError"
message: "invalid signature"
code: "invalid_token"
status: 401
inner: {"name":"JsonWebTokenError","message":"invalid signature"}
pid: 1091
hostname: MacBook-Pro.local

2021-05-09 09:28:21,604 ERROR 1091 nodejs.TypeError: Cannot read property 'warn' of undefined
    at Application.<anonymous> (/Users/mac/WebProjects/GY_website/server/node_modules/egg-onerror/app.js:37:18)
    at Application.emit (events.js:314:20)
    at /Users/mac/WebProjects/GY_website/server/app/middleware/error_handler.js:8:17
    at processTicksAndRejections (internal/process/task_queues.js:93:5)
    at async /Users/mac/WebProjects/GY_website/server/node_modules/egg-development/app/middleware/egg_loader_trace.js:9:50
    at async xframe (/Users/mac/WebProjects/GY_website/server/node_modules/egg-security/lib/middlewares/xframe.js:7:5)
    at async xssProtection (/Users/mac/WebProjects/GY_website/server/node_modules/egg-security/lib/middlewares/xssProtection.js:7:5)
    at async nosniff (/Users/mac/WebProjects/GY_website/server/node_modules/egg-security/lib/middlewares/nosniff.js:8:5)
    at async noopen (/Users/mac/WebProjects/GY_website/server/node_modules/egg-security/lib/middlewares/noopen.js:8:5)
    at async session (/Users/mac/WebProjects/GY_website/server/node_modules/koa-session/index.js:41:7)

pid: 1091
hostname: MacBook-Pro.local

2021-05-09 10:33:15,817 WARN 1091 nodejs.UnauthorizedError: jwt expired
    at /Users/mac/WebProjects/GY_website/server/node_modules/koa-jwt2/lib/index.js:117:18
    at /Users/mac/WebProjects/GY_website/server/node_modules/jsonwebtoken/verify.js:152:16
    at getSecret (/Users/mac/WebProjects/GY_website/server/node_modules/jsonwebtoken/verify.js:90:14)
    at Object.module.exports [as verify] (/Users/mac/WebProjects/GY_website/server/node_modules/jsonwebtoken/verify.js:94:10)
    at decoded (/Users/mac/WebProjects/GY_website/server/node_modules/koa-jwt2/lib/index.js:115:11)
    at new Promise (<anonymous>)
    at middleware (/Users/mac/WebProjects/GY_website/server/node_modules/koa-jwt2/lib/index.js:114:27)
    at processTicksAndRejections (internal/process/task_queues.js:93:5)
    at async /Users/mac/WebProjects/GY_website/server/app/middleware/error_handler.js:4:13
    at async /Users/mac/WebProjects/GY_website/server/node_modules/egg-development/app/middleware/egg_loader_trace.js:9:50
name: "UnauthorizedError"
message: "jwt expired"
code: "invalid_token"
status: 401
inner: {"name":"TokenExpiredError","message":"jwt expired","expiredAt":"2021-05-09T02:30:42.000Z"}
pid: 1091
hostname: MacBook-Pro.local

2021-05-09 10:33:15,818 ERROR 1091 nodejs.TypeError: Cannot read property 'warn' of undefined
    at Application.<anonymous> (/Users/mac/WebProjects/GY_website/server/node_modules/egg-onerror/app.js:37:18)
    at Application.emit (events.js:314:20)
    at /Users/mac/WebProjects/GY_website/server/app/middleware/error_handler.js:8:17
    at processTicksAndRejections (internal/process/task_queues.js:93:5)
    at async /Users/mac/WebProjects/GY_website/server/node_modules/egg-development/app/middleware/egg_loader_trace.js:9:50
    at async xframe (/Users/mac/WebProjects/GY_website/server/node_modules/egg-security/lib/middlewares/xframe.js:7:5)
    at async xssProtection (/Users/mac/WebProjects/GY_website/server/node_modules/egg-security/lib/middlewares/xssProtection.js:7:5)
    at async nosniff (/Users/mac/WebProjects/GY_website/server/node_modules/egg-security/lib/middlewares/nosniff.js:8:5)
    at async noopen (/Users/mac/WebProjects/GY_website/server/node_modules/egg-security/lib/middlewares/noopen.js:8:5)
    at async session (/Users/mac/WebProjects/GY_website/server/node_modules/koa-session/index.js:41:7)

pid: 1091
hostname: MacBook-Pro.local

